<?xml version="1.0" encoding="UTF-8"?>
<!-- Generated by org.testng.reporters.JUnitReportReporter -->
<testsuite hostname="DESKTOP-5ODUK28" failures="0" tests="1" name="HRMSProject.HRMSProjectNew.StartBrowser" time="7.616" errors="0" timestamp="2022-06-24T13:02:47 IST" skipped="0">
  <testcase classname="HRMSProject.HRMSProjectNew.StartBrowser" name="samplrBrowser" time="7.616"/>
  <system-out/>
</testsuite> <!-- HRMSProject.HRMSProjectNew.StartBrowser -->
