<?xml version="1.0" encoding="UTF-8"?>
<!-- Generated by org.testng.reporters.JUnitReportReporter -->
<testsuite hostname="DESKTOP-5ODUK28" failures="0" tests="2" name="TestScripts.DashboardTestCase" time="26.631" errors="0" timestamp="2022-07-01T00:36:04 IST" skipped="0">
  <testcase classname="TestScripts.DashboardTestCase" name="LogoutHRMS" time="1.346"/>
  <system-out/>
  <testcase classname="TestScripts.DashboardTestCase" name="LoginHRMS" time="25.285"/>
  <system-out/>
</testsuite> <!-- TestScripts.DashboardTestCase -->
